11:37:38: Creating resource group General
11:37:38: Creating resource group Internal
11:37:38: Creating resource group Autodetect
11:37:38: SceneManagerFactory for type 'DefaultSceneManager' registered.
11:37:38: Registering ResourceManager for type Material
11:37:38: Registering ResourceManager for type Mesh
11:37:38: Registering ResourceManager for type Skeleton
11:37:38: MovableObjectFactory for type 'ParticleSystem' registered.
11:37:38: OverlayElementFactory for type Panel registered.
11:37:38: OverlayElementFactory for type BorderPanel registered.
11:37:38: OverlayElementFactory for type TextArea registered.
11:37:38: Registering ResourceManager for type Font
11:37:38: ArchiveFactory for archive type FileSystem registered.
11:37:38: ArchiveFactory for archive type Zip registered.
11:37:38: FreeImage version: 3.10.0
11:37:38: This program uses FreeImage, a free, open source image library supporting all common bitmap formats. See http://freeimage.sourceforge.net for details
11:37:38: Supported formats: bmp,ico,jpg,jif,jpeg,jpe,jng,koa,iff,lbm,mng,pbm,pbm,pcd,pcx,pgm,pgm,png,ppm,ppm,ras,tga,targa,tif,tiff,wap,wbmp,wbm,psd,cut,xbm,xpm,gif,hdr,g3,sgi,exr,j2k,j2c,jp2
11:37:38: DDS codec registering
11:37:38: Registering ResourceManager for type HighLevelGpuProgram
11:37:38: Registering ResourceManager for type Compositor
11:37:38: MovableObjectFactory for type 'Entity' registered.
11:37:38: MovableObjectFactory for type 'Light' registered.
11:37:38: MovableObjectFactory for type 'BillboardSet' registered.
11:37:38: MovableObjectFactory for type 'ManualObject' registered.
11:37:38: MovableObjectFactory for type 'BillboardChain' registered.
11:37:38: MovableObjectFactory for type 'RibbonTrail' registered.
11:37:38: OGRE EXCEPTION(6:FileNotFoundException): 'plugins.cfg' file not found! in ConfigFile::load at ..\src\OgreConfigFile.cpp (line 84)
11:37:38: plugins.cfg not found, automatic plugin loading disabled.
11:37:38: *-*-* OGRE Initialising
11:37:38: *-*-* Version 1.6.3 (Shoggoth)
11:37:38: OGRE EXCEPTION(6:FileNotFoundException): 'resources.cfg' file not found! in ConfigFile::load at ..\src\OgreConfigFile.cpp (line 84)
11:37:42: *-*-* OGRE Shutdown
11:37:42: Unregistering ResourceManager for type Compositor
11:37:42: Unregistering ResourceManager for type Font
11:37:42: Unregistering ResourceManager for type Skeleton
11:37:42: Unregistering ResourceManager for type Mesh
11:37:42: Unregistering ResourceManager for type HighLevelGpuProgram
11:37:42: Unregistering ResourceManager for type Material
